<?xml version="1.0" encoding="UTF-8"?>
<!-- Generated by org.testng.reporters.JUnitXMLReporter -->
<testsuite ignored="0" hostname="LAPTOP-HKEQ8LR6" failures="6" tests="17" name="Default test" time="65.9" errors="0" timestamp="2025-07-30T17:32:26 IST">
  <testcase classname="io.cucumber.testng.AbstractTestNGCucumberTests" name="runScenario" time="13.383"/>
  <testcase classname="io.cucumber.testng.AbstractTestNGCucumberTests" name="runScenario" time="7.497"/>
  <testcase classname="io.cucumber.testng.AbstractTestNGCucumberTests" name="runScenario" time="7.55"/>
  <testcase classname="io.cucumber.testng.AbstractTestNGCucumberTests" name="runScenario" time="7.695"/>
  <testcase classname="io.cucumber.testng.AbstractTestNGCucumberTests" name="runScenario" time="5.629"/>
  <testcase classname="io.cucumber.testng.AbstractTestNGCucumberTests" name="runScenario" time="1.782"/>
  <testcase classname="io.cucumber.testng.AbstractTestNGCucumberTests" name="runScenario" time="3.465"/>
  <testcase classname="io.cucumber.testng.AbstractTestNGCucumberTests" name="runScenario" time="1.669">
    <failure type="java.lang.AssertionError" message="Expected required field error.">
      <![CDATA[java.lang.AssertionError: Expected required field error.
at stepDefinitions.EnquirySteps.error_messages_should_be_shown_for_missing_fields(EnquirySteps.java:67)
at ✽.Error messages should be shown for missing fields(file:///C:/Users/User/git/repository/CTS_Sprint_2/src/test/java/features/enquiry.feature:26)
]]>
    </failure>
  </testcase> <!-- runScenario -->
  <testcase classname="io.cucumber.testng.AbstractTestNGCucumberTests" name="runScenario" time="1.673">
    <failure type="java.lang.AssertionError" message="Expected message length error.">
      <![CDATA[java.lang.AssertionError: Expected message length error.
at stepDefinitions.EnquirySteps.the_system_should_display_character_limit_warning(EnquirySteps.java:83)
at ✽.The system should display character limit warning(file:///C:/Users/User/git/repository/CTS_Sprint_2/src/test/java/features/enquiry.feature:31)
]]>
    </failure>
  </testcase> <!-- runScenario -->
  <testcase classname="io.cucumber.testng.AbstractTestNGCucumberTests" name="runScenario" time="1.963">
    <failure type="java.lang.AssertionError" message="Expected message length error.">
      <![CDATA[java.lang.AssertionError: Expected message length error.
at stepDefinitions.EnquirySteps.error_should_be_displayed_for_empty_subject(EnquirySteps.java:103)
at ✽.Error should be displayed for empty subject(file:///C:/Users/User/git/repository/CTS_Sprint_2/src/test/java/features/enquiry.feature:41)
]]>
    </failure>
  </testcase> <!-- runScenario -->
  <testcase classname="io.cucumber.testng.AbstractTestNGCucumberTests" name="runScenario" time="1.246"/>
  <testcase classname="io.cucumber.testng.AbstractTestNGCucumberTests" name="runScenario" time="1.303"/>
  <testcase classname="io.cucumber.testng.AbstractTestNGCucumberTests" name="runScenario" time="1.266"/>
  <testcase classname="io.cucumber.testng.AbstractTestNGCucumberTests" name="runScenario" time="1.328"/>
  <testcase classname="io.cucumber.testng.AbstractTestNGCucumberTests" name="runScenario" time="4.525">
    <failure type="java.lang.AssertionError" message="Username does not match. Expected: flightadmin, Actual: ">
      <![CDATA[java.lang.AssertionError: Username does not match. Expected: flightadmin, Actual: 
at pages.LoginPageFactory.verifyRememberedCredentials(LoginPageFactory.java:122)
at stepDefinitions.LoginSteps.verify_remembered_credentials(LoginSteps.java:93)
at ✽.credentials should be remembered on next visit(file:///C:/Users/User/git/repository/CTS_Sprint_2/src/test/java/features/login.feature:41)
]]>
    </failure>
  </testcase> <!-- runScenario -->
  <testcase classname="io.cucumber.testng.AbstractTestNGCucumberTests" name="runScenario" time="0.217">
    <failure type="java.lang.AssertionError" message="Page not found (404 error detected)">
      <![CDATA[java.lang.AssertionError: Page not found (404 error detected)
at pages.LoginPageFactory.verifyForgotPasswordRedirect(LoginPageFactory.java:128)
at stepDefinitions.LoginSteps.verify_forgot_password_redirect(LoginSteps.java:103)
at ✽.it should redirect to the reset password page(file:///C:/Users/User/git/repository/CTS_Sprint_2/src/test/java/features/login.feature:45)
]]>
    </failure>
  </testcase> <!-- runScenario -->
  <testcase classname="io.cucumber.testng.AbstractTestNGCucumberTests" name="runScenario" time="2.344">
    <failure type="java.lang.AssertionError" message="TEST FAILED: Logout button is mislabeled. Bug AG-28 is confirmed. expected [Logout] but found [LOGIN]">
      <![CDATA[java.lang.AssertionError: TEST FAILED: Logout button is mislabeled. Bug AG-28 is confirmed. expected [Logout] but found [LOGIN]
at org.testng.Assert.fail(Assert.java:97)
at org.testng.Assert.assertEqualsImpl(Assert.java:136)
at org.testng.Assert.assertEquals(Assert.java:118)
at org.testng.Assert.assertEquals(Assert.java:575)
at stepDefinitions.LogoutSteps.the_user_should_see_a_button(LogoutSteps.java:39)
at ✽.the user should see a "Logout" button(file:///C:/Users/User/git/repository/CTS_Sprint_2/src/test/java/features/logout.feature:8)
]]>
    </failure>
  </testcase> <!-- runScenario -->
</testsuite> <!-- Default test -->
