<?xml version="1.0" encoding="UTF-8"?>
<testng-results ignored="0" total="22" passed="14" failed="8" skipped="0">
  <reporter-output>
  </reporter-output>
  <suite started-at="2025-07-30T19:52:25 IST" name="Default suite" finished-at="2025-07-30T19:53:54 IST" duration-ms="89336">
    <groups>
      <group name="cucumber">
        <method signature="AbstractTestNGCucumberTests.runScenario(io.cucumber.testng.PickleWrapper, io.cucumber.testng.FeatureWrapper)[pri:0, instance:runner.TestRunner@a9cd3b1]" name="runScenario" class="io.cucumber.testng.AbstractTestNGCucumberTests"/>
      </group> <!-- cucumber -->
    </groups>
    <test started-at="2025-07-30T19:52:25 IST" name="Default test" finished-at="2025-07-30T19:53:54 IST" duration-ms="89336">
      <class name="runner.TestRunner">
        <test-method is-config="true" signature="setUpClass(org.testng.ITestContext)[pri:0, instance:runner.TestRunner@a9cd3b1]" started-at="2025-07-30T19:52:25 IST" name="setUpClass" finished-at="2025-07-30T19:52:26 IST" duration-ms="1175" status="PASS">
          <params>
            <param index="0">
              <value>
                <![CDATA[org.testng.TestRunner@60ed0b9d]]>
              </value>
            </param>
          </params>
          <reporter-output>
          </reporter-output>
        </test-method> <!-- setUpClass -->
        <test-method signature="runScenario(io.cucumber.testng.PickleWrapper, io.cucumber.testng.FeatureWrapper)[pri:0, instance:runner.TestRunner@a9cd3b1]" started-at="2025-07-30T19:52:26 IST" name="runScenario" description="Runs Cucumber Scenarios" data-provider="scenarios" finished-at="2025-07-30T19:52:43 IST" duration-ms="17192" status="PASS">
          <params>
            <param index="0">
              <value>
                <![CDATA["Verify the Booking Module Required Fields with valid data"]]>
              </value>
            </param>
            <param index="1">
              <value>
                <![CDATA["Booking Module Functionality"]]>
              </value>
            </param>
          </params>
          <reporter-output>
          </reporter-output>
        </test-method> <!-- runScenario -->
        <test-method signature="runScenario(io.cucumber.testng.PickleWrapper, io.cucumber.testng.FeatureWrapper)[pri:0, instance:runner.TestRunner@a9cd3b1]" started-at="2025-07-30T19:52:43 IST" name="runScenario" description="Runs Cucumber Scenarios" data-provider="scenarios" finished-at="2025-07-30T19:52:51 IST" duration-ms="8145" status="PASS">
          <params>
            <param index="0">
              <value>
                <![CDATA["Verify the Booking module with the Required Fields Blank"]]>
              </value>
            </param>
            <param index="1">
              <value>
                <![CDATA["Booking Module Functionality"]]>
              </value>
            </param>
          </params>
          <reporter-output>
          </reporter-output>
        </test-method> <!-- runScenario -->
        <test-method signature="runScenario(io.cucumber.testng.PickleWrapper, io.cucumber.testng.FeatureWrapper)[pri:0, instance:runner.TestRunner@a9cd3b1]" started-at="2025-07-30T19:52:51 IST" name="runScenario" description="Runs Cucumber Scenarios" data-provider="scenarios" finished-at="2025-07-30T19:52:59 IST" duration-ms="8068" status="PASS">
          <params>
            <param index="0">
              <value>
                <![CDATA["Verify the Booking Module Required Fields with Invalid Data"]]>
              </value>
            </param>
            <param index="1">
              <value>
                <![CDATA["Booking Module Functionality"]]>
              </value>
            </param>
          </params>
          <reporter-output>
          </reporter-output>
        </test-method> <!-- runScenario -->
        <test-method signature="runScenario(io.cucumber.testng.PickleWrapper, io.cucumber.testng.FeatureWrapper)[pri:0, instance:runner.TestRunner@a9cd3b1]" started-at="2025-07-30T19:52:59 IST" name="runScenario" description="Runs Cucumber Scenarios" data-provider="scenarios" finished-at="2025-07-30T19:53:07 IST" duration-ms="8221" status="PASS">
          <params>
            <param index="0">
              <value>
                <![CDATA["Verify the Booking Module Book Now Button works"]]>
              </value>
            </param>
            <param index="1">
              <value>
                <![CDATA["Booking Module Functionality"]]>
              </value>
            </param>
          </params>
          <reporter-output>
          </reporter-output>
        </test-method> <!-- runScenario -->
        <test-method signature="runScenario(io.cucumber.testng.PickleWrapper, io.cucumber.testng.FeatureWrapper)[pri:0, instance:runner.TestRunner@a9cd3b1]" started-at="2025-07-30T19:53:07 IST" name="runScenario" description="Runs Cucumber Scenarios" data-provider="scenarios" finished-at="2025-07-30T19:53:14 IST" duration-ms="6141" status="PASS">
          <params>
            <param index="0">
              <value>
                <![CDATA["Verify the Booking Module Reset Button Works"]]>
              </value>
            </param>
            <param index="1">
              <value>
                <![CDATA["Booking Module Functionality"]]>
              </value>
            </param>
          </params>
          <reporter-output>
          </reporter-output>
        </test-method> <!-- runScenario -->
        <test-method signature="runScenario(io.cucumber.testng.PickleWrapper, io.cucumber.testng.FeatureWrapper)[pri:0, instance:runner.TestRunner@a9cd3b1]" started-at="2025-07-30T19:53:14 IST" name="runScenario" description="Runs Cucumber Scenarios" data-provider="scenarios" finished-at="2025-07-30T19:53:16 IST" duration-ms="2551" status="PASS">
          <params>
            <param index="0">
              <value>
                <![CDATA["Verify the Full Name field accepts valid input"]]>
              </value>
            </param>
            <param index="1">
              <value>
                <![CDATA["Enquiry Form Validations"]]>
              </value>
            </param>
          </params>
          <reporter-output>
          </reporter-output>
        </test-method> <!-- runScenario -->
        <test-method signature="runScenario(io.cucumber.testng.PickleWrapper, io.cucumber.testng.FeatureWrapper)[pri:0, instance:runner.TestRunner@a9cd3b1]" started-at="2025-07-30T19:53:16 IST" name="runScenario" description="Runs Cucumber Scenarios" data-provider="scenarios" finished-at="2025-07-30T19:53:20 IST" duration-ms="3906" status="PASS">
          <params>
            <param index="0">
              <value>
                <![CDATA["Verify invalid email format shows error"]]>
              </value>
            </param>
            <param index="1">
              <value>
                <![CDATA["Enquiry Form Validations"]]>
              </value>
            </param>
          </params>
          <reporter-output>
          </reporter-output>
        </test-method> <!-- runScenario -->
        <test-method signature="runScenario(io.cucumber.testng.PickleWrapper, io.cucumber.testng.FeatureWrapper)[pri:0, instance:runner.TestRunner@a9cd3b1]" started-at="2025-07-30T19:53:20 IST" name="runScenario" description="Runs Cucumber Scenarios" data-provider="scenarios" finished-at="2025-07-30T19:53:22 IST" duration-ms="2426" status="FAIL">
          <params>
            <param index="0">
              <value>
                <![CDATA["Verify empty required fields show errors"]]>
              </value>
            </param>
            <param index="1">
              <value>
                <![CDATA["Enquiry Form Validations"]]>
              </value>
            </param>
          </params>
          <exception class="java.lang.AssertionError">
            <message>
              <![CDATA[Expected required field error.]]>
            </message>
            <full-stacktrace>
              <![CDATA[java.lang.AssertionError: Expected required field error.
at stepDefinitions.EnquirySteps.error_messages_should_be_shown_for_missing_fields(EnquirySteps.java:67)
at ✽.Error messages should be shown for missing fields(file:///C:/Users/User/git/repository/CTS_Sprint_2/src/test/java/features/enquiry.feature:26)
]]>
            </full-stacktrace>
          </exception> <!-- java.lang.AssertionError -->
          <reporter-output>
          </reporter-output>
        </test-method> <!-- runScenario -->
        <test-method signature="runScenario(io.cucumber.testng.PickleWrapper, io.cucumber.testng.FeatureWrapper)[pri:0, instance:runner.TestRunner@a9cd3b1]" started-at="2025-07-30T19:53:22 IST" name="runScenario" description="Runs Cucumber Scenarios" data-provider="scenarios" finished-at="2025-07-30T19:53:25 IST" duration-ms="2335" status="FAIL">
          <params>
            <param index="0">
              <value>
                <![CDATA["Verify character limit for Message field"]]>
              </value>
            </param>
            <param index="1">
              <value>
                <![CDATA["Enquiry Form Validations"]]>
              </value>
            </param>
          </params>
          <exception class="java.lang.AssertionError">
            <message>
              <![CDATA[Expected message length error.]]>
            </message>
            <full-stacktrace>
              <![CDATA[java.lang.AssertionError: Expected message length error.
at stepDefinitions.EnquirySteps.the_system_should_display_character_limit_warning(EnquirySteps.java:83)
at ✽.The system should display character limit warning(file:///C:/Users/User/git/repository/CTS_Sprint_2/src/test/java/features/enquiry.feature:31)
]]>
            </full-stacktrace>
          </exception> <!-- java.lang.AssertionError -->
          <reporter-output>
          </reporter-output>
        </test-method> <!-- runScenario -->
        <test-method signature="runScenario(io.cucumber.testng.PickleWrapper, io.cucumber.testng.FeatureWrapper)[pri:0, instance:runner.TestRunner@a9cd3b1]" started-at="2025-07-30T19:53:25 IST" name="runScenario" description="Runs Cucumber Scenarios" data-provider="scenarios" finished-at="2025-07-30T19:53:27 IST" duration-ms="2325" status="FAIL">
          <params>
            <param index="0">
              <value>
                <![CDATA["Verify Subject field required validation"]]>
              </value>
            </param>
            <param index="1">
              <value>
                <![CDATA["Enquiry Form Validations"]]>
              </value>
            </param>
          </params>
          <exception class="java.lang.AssertionError">
            <message>
              <![CDATA[Expected message length error.]]>
            </message>
            <full-stacktrace>
              <![CDATA[java.lang.AssertionError: Expected message length error.
at stepDefinitions.EnquirySteps.error_should_be_displayed_for_empty_subject(EnquirySteps.java:103)
at ✽.Error should be displayed for empty subject(file:///C:/Users/User/git/repository/CTS_Sprint_2/src/test/java/features/enquiry.feature:41)
]]>
            </full-stacktrace>
          </exception> <!-- java.lang.AssertionError -->
          <reporter-output>
          </reporter-output>
        </test-method> <!-- runScenario -->
        <test-method signature="runScenario(io.cucumber.testng.PickleWrapper, io.cucumber.testng.FeatureWrapper)[pri:0, instance:runner.TestRunner@a9cd3b1]" started-at="2025-07-30T19:53:27 IST" name="runScenario" description="Runs Cucumber Scenarios" data-provider="scenarios" finished-at="2025-07-30T19:53:29 IST" duration-ms="1435" status="PASS">
          <params>
            <param index="0">
              <value>
                <![CDATA["To Verify login with valid credentials"]]>
              </value>
            </param>
            <param index="1">
              <value>
                <![CDATA["Login Functionality"]]>
              </value>
            </param>
          </params>
          <reporter-output>
          </reporter-output>
        </test-method> <!-- runScenario -->
        <test-method signature="runScenario(io.cucumber.testng.PickleWrapper, io.cucumber.testng.FeatureWrapper)[pri:0, instance:runner.TestRunner@a9cd3b1]" started-at="2025-07-30T19:53:29 IST" name="runScenario" description="Runs Cucumber Scenarios" data-provider="scenarios" finished-at="2025-07-30T19:53:31 IST" duration-ms="2185" status="PASS">
          <params>
            <param index="0">
              <value>
                <![CDATA["To Verify login with invalid password"]]>
              </value>
            </param>
            <param index="1">
              <value>
                <![CDATA["Login Functionality"]]>
              </value>
            </param>
          </params>
          <reporter-output>
          </reporter-output>
        </test-method> <!-- runScenario -->
        <test-method signature="runScenario(io.cucumber.testng.PickleWrapper, io.cucumber.testng.FeatureWrapper)[pri:0, instance:runner.TestRunner@a9cd3b1]" started-at="2025-07-30T19:53:31 IST" name="runScenario" description="Runs Cucumber Scenarios" data-provider="scenarios" finished-at="2025-07-30T19:53:32 IST" duration-ms="1478" status="PASS">
          <params>
            <param index="0">
              <value>
                <![CDATA["To Verify login with invalid username"]]>
              </value>
            </param>
            <param index="1">
              <value>
                <![CDATA["Login Functionality"]]>
              </value>
            </param>
          </params>
          <reporter-output>
          </reporter-output>
        </test-method> <!-- runScenario -->
        <test-method signature="runScenario(io.cucumber.testng.PickleWrapper, io.cucumber.testng.FeatureWrapper)[pri:0, instance:runner.TestRunner@a9cd3b1]" started-at="2025-07-30T19:53:32 IST" name="runScenario" description="Runs Cucumber Scenarios" data-provider="scenarios" finished-at="2025-07-30T19:53:34 IST" duration-ms="1469" status="PASS">
          <params>
            <param index="0">
              <value>
                <![CDATA["To Verify login with empty fields"]]>
              </value>
            </param>
            <param index="1">
              <value>
                <![CDATA["Login Functionality"]]>
              </value>
            </param>
          </params>
          <reporter-output>
          </reporter-output>
        </test-method> <!-- runScenario -->
        <test-method signature="runScenario(io.cucumber.testng.PickleWrapper, io.cucumber.testng.FeatureWrapper)[pri:0, instance:runner.TestRunner@a9cd3b1]" started-at="2025-07-30T19:53:34 IST" name="runScenario" description="Runs Cucumber Scenarios" data-provider="scenarios" finished-at="2025-07-30T19:53:39 IST" duration-ms="4966" status="FAIL">
          <params>
            <param index="0">
              <value>
                <![CDATA["To Verify Remember Me functionality"]]>
              </value>
            </param>
            <param index="1">
              <value>
                <![CDATA["Login Functionality"]]>
              </value>
            </param>
          </params>
          <exception class="java.lang.AssertionError">
            <message>
              <![CDATA[Username does not match. Expected: flightadmin, Actual: ]]>
            </message>
            <full-stacktrace>
              <![CDATA[java.lang.AssertionError: Username does not match. Expected: flightadmin, Actual: 
at pages.LoginPageFactory.verifyRememberedCredentials(LoginPageFactory.java:122)
at stepDefinitions.LoginSteps.verify_remembered_credentials(LoginSteps.java:93)
at ✽.credentials should be remembered on next visit(file:///C:/Users/User/git/repository/CTS_Sprint_2/src/test/java/features/login.feature:41)
]]>
            </full-stacktrace>
          </exception> <!-- java.lang.AssertionError -->
          <reporter-output>
          </reporter-output>
        </test-method> <!-- runScenario -->
        <test-method signature="runScenario(io.cucumber.testng.PickleWrapper, io.cucumber.testng.FeatureWrapper)[pri:0, instance:runner.TestRunner@a9cd3b1]" started-at="2025-07-30T19:53:39 IST" name="runScenario" description="Runs Cucumber Scenarios" data-provider="scenarios" finished-at="2025-07-30T19:53:39 IST" duration-ms="390" status="FAIL">
          <params>
            <param index="0">
              <value>
                <![CDATA["To Verify Forgot Password functionality"]]>
              </value>
            </param>
            <param index="1">
              <value>
                <![CDATA["Login Functionality"]]>
              </value>
            </param>
          </params>
          <exception class="java.lang.AssertionError">
            <message>
              <![CDATA[Page not found (404 error detected)]]>
            </message>
            <full-stacktrace>
              <![CDATA[java.lang.AssertionError: Page not found (404 error detected)
at pages.LoginPageFactory.verifyForgotPasswordRedirect(LoginPageFactory.java:128)
at stepDefinitions.LoginSteps.verify_forgot_password_redirect(LoginSteps.java:103)
at ✽.it should redirect to the reset password page(file:///C:/Users/User/git/repository/CTS_Sprint_2/src/test/java/features/login.feature:45)
]]>
            </full-stacktrace>
          </exception> <!-- java.lang.AssertionError -->
          <reporter-output>
          </reporter-output>
        </test-method> <!-- runScenario -->
        <test-method signature="runScenario(io.cucumber.testng.PickleWrapper, io.cucumber.testng.FeatureWrapper)[pri:0, instance:runner.TestRunner@a9cd3b1]" started-at="2025-07-30T19:53:39 IST" name="runScenario" description="Runs Cucumber Scenarios" data-provider="scenarios" finished-at="2025-07-30T19:53:42 IST" duration-ms="2632" status="FAIL">
          <params>
            <param index="0">
              <value>
                <![CDATA["To verify the correct logout functionality"]]>
              </value>
            </param>
            <param index="1">
              <value>
                <![CDATA["Logout Functionality"]]>
              </value>
            </param>
          </params>
          <exception class="java.lang.AssertionError">
            <message>
              <![CDATA[TEST FAILED: Logout button is mislabeled. Bug AG-28 is confirmed. expected [Logout] but found [LOGIN]]]>
            </message>
            <full-stacktrace>
              <![CDATA[java.lang.AssertionError: TEST FAILED: Logout button is mislabeled. Bug AG-28 is confirmed. expected [Logout] but found [LOGIN]
at org.testng.Assert.fail(Assert.java:97)
at org.testng.Assert.assertEqualsImpl(Assert.java:136)
at org.testng.Assert.assertEquals(Assert.java:118)
at org.testng.Assert.assertEquals(Assert.java:575)
at stepDefinitions.LogoutSteps.the_user_should_see_a_button(LogoutSteps.java:39)
at ✽.the user should see a "Logout" button(file:///C:/Users/User/git/repository/CTS_Sprint_2/src/test/java/features/logout.feature:8)
]]>
            </full-stacktrace>
          </exception> <!-- java.lang.AssertionError -->
          <reporter-output>
          </reporter-output>
        </test-method> <!-- runScenario -->
        <test-method signature="runScenario(io.cucumber.testng.PickleWrapper, io.cucumber.testng.FeatureWrapper)[pri:0, instance:runner.TestRunner@a9cd3b1]" started-at="2025-07-30T19:53:42 IST" name="runScenario" description="Runs Cucumber Scenarios" data-provider="scenarios" finished-at="2025-07-30T19:53:44 IST" duration-ms="2319" status="PASS">
          <params>
            <param index="0">
              <value>
                <![CDATA["AG-T11 - To Verify search using valid flight number"]]>
              </value>
            </param>
            <param index="1">
              <value>
                <![CDATA["Flight Search Functionality"]]>
              </value>
            </param>
          </params>
          <reporter-output>
          </reporter-output>
        </test-method> <!-- runScenario -->
        <test-method signature="runScenario(io.cucumber.testng.PickleWrapper, io.cucumber.testng.FeatureWrapper)[pri:0, instance:runner.TestRunner@a9cd3b1]" started-at="2025-07-30T19:53:44 IST" name="runScenario" description="Runs Cucumber Scenarios" data-provider="scenarios" finished-at="2025-07-30T19:53:46 IST" duration-ms="2094" status="FAIL">
          <params>
            <param index="0">
              <value>
                <![CDATA["AG-T12 - To Verify search using invalid flight number"]]>
              </value>
            </param>
            <param index="1">
              <value>
                <![CDATA["Flight Search Functionality"]]>
              </value>
            </param>
          </params>
          <exception class="java.lang.AssertionError">
            <message>
              <![CDATA['Not found' message is not displayed. Nothing appears for invalid input.]]>
            </message>
            <full-stacktrace>
              <![CDATA[java.lang.AssertionError: 'Not found' message is not displayed. Nothing appears for invalid input.
at org.testng.Assert.fail(Assert.java:97)
at pages.SearchPageFactory.noTextDisplayed(SearchPageFactory.java:83)
at stepDefinitions.SearchSteps.not_found_text_displayed(SearchSteps.java:86)
at ✽.Not found text displayed(file:///C:/Users/User/git/repository/CTS_Sprint_2/src/test/java/features/search.feature:14)
]]>
            </full-stacktrace>
          </exception> <!-- java.lang.AssertionError -->
          <reporter-output>
          </reporter-output>
        </test-method> <!-- runScenario -->
        <test-method signature="runScenario(io.cucumber.testng.PickleWrapper, io.cucumber.testng.FeatureWrapper)[pri:0, instance:runner.TestRunner@a9cd3b1]" started-at="2025-07-30T19:53:46 IST" name="runScenario" description="Runs Cucumber Scenarios" data-provider="scenarios" finished-at="2025-07-30T19:53:48 IST" duration-ms="1901" status="PASS">
          <params>
            <param index="0">
              <value>
                <![CDATA["AG-T13 - To Verify search using valid flight name"]]>
              </value>
            </param>
            <param index="1">
              <value>
                <![CDATA["Flight Search Functionality"]]>
              </value>
            </param>
          </params>
          <reporter-output>
          </reporter-output>
        </test-method> <!-- runScenario -->
        <test-method signature="runScenario(io.cucumber.testng.PickleWrapper, io.cucumber.testng.FeatureWrapper)[pri:0, instance:runner.TestRunner@a9cd3b1]" started-at="2025-07-30T19:53:48 IST" name="runScenario" description="Runs Cucumber Scenarios" data-provider="scenarios" finished-at="2025-07-30T19:53:50 IST" duration-ms="2031" status="FAIL">
          <params>
            <param index="0">
              <value>
                <![CDATA["AG-T14 - To Verify search with empty flight number field"]]>
              </value>
            </param>
            <param index="1">
              <value>
                <![CDATA["Flight Search Functionality"]]>
              </value>
            </param>
          </params>
          <exception class="java.lang.AssertionError">
            <message>
              <![CDATA[Expected no search results to be displayed did not expect to find [true] but found [false]]]>
            </message>
            <full-stacktrace>
              <![CDATA[java.lang.AssertionError: Expected no search results to be displayed did not expect to find [true] but found [false]
at org.testng.Assert.fail(Assert.java:97)
at org.testng.Assert.failNotEquals(Assert.java:969)
at org.testng.Assert.assertTrue(Assert.java:43)
at pages.SearchPageFactory.verifyNoSearchResults(SearchPageFactory.java:76)
at stepDefinitions.SearchSteps.verify_no_results_displayed(SearchSteps.java:81)
at ✽.Verify no results displayed(file:///C:/Users/User/git/repository/CTS_Sprint_2/src/test/java/features/search.feature:22)
]]>
            </full-stacktrace>
          </exception> <!-- java.lang.AssertionError -->
          <reporter-output>
          </reporter-output>
        </test-method> <!-- runScenario -->
        <test-method signature="runScenario(io.cucumber.testng.PickleWrapper, io.cucumber.testng.FeatureWrapper)[pri:0, instance:runner.TestRunner@a9cd3b1]" started-at="2025-07-30T19:53:50 IST" name="runScenario" description="Runs Cucumber Scenarios" data-provider="scenarios" finished-at="2025-07-30T19:53:52 IST" duration-ms="1907" status="PASS">
          <params>
            <param index="0">
              <value>
                <![CDATA["AG-T15 - To Verify search using valid flight type"]]>
              </value>
            </param>
            <param index="1">
              <value>
                <![CDATA["Flight Search Functionality"]]>
              </value>
            </param>
          </params>
          <reporter-output>
          </reporter-output>
        </test-method> <!-- runScenario -->
        <test-method is-config="true" signature="tearDownClass()[pri:0, instance:runner.TestRunner@a9cd3b1]" started-at="2025-07-30T19:53:52 IST" name="tearDownClass" finished-at="2025-07-30T19:53:54 IST" duration-ms="1927" status="PASS">
          <reporter-output>
          </reporter-output>
        </test-method> <!-- tearDownClass -->
      </class> <!-- runner.TestRunner -->
    </test> <!-- Default test -->
  </suite> <!-- Default suite -->
</testng-results>
