<?xml version="1.0" encoding="UTF-8"?>
<testng-results ignored="0" total="5" passed="2" failed="3" skipped="0">
  <reporter-output>
  </reporter-output>
  <suite started-at="2025-07-30T16:28:09 IST" name="Default suite" finished-at="2025-07-30T16:28:25 IST" duration-ms="15853">
    <groups>
      <group name="cucumber">
        <method signature="AbstractTestNGCucumberTests.runScenario(io.cucumber.testng.PickleWrapper, io.cucumber.testng.FeatureWrapper)[pri:0, instance:runner.TestRunner@64cd705f]" name="runScenario" class="io.cucumber.testng.AbstractTestNGCucumberTests"/>
      </group> <!-- cucumber -->
    </groups>
    <test started-at="2025-07-30T16:28:09 IST" name="Default test" finished-at="2025-07-30T16:28:25 IST" duration-ms="15853">
      <class name="runner.TestRunner">
        <test-method is-config="true" signature="setUpClass(org.testng.ITestContext)[pri:0, instance:runner.TestRunner@64cd705f]" started-at="2025-07-30T16:28:09 IST" name="setUpClass" finished-at="2025-07-30T16:28:10 IST" duration-ms="573" status="PASS">
          <params>
            <param index="0">
              <value>
                <![CDATA[org.testng.TestRunner@4c2af006]]>
              </value>
            </param>
          </params>
          <reporter-output>
          </reporter-output>
        </test-method> <!-- setUpClass -->
        <test-method signature="runScenario(io.cucumber.testng.PickleWrapper, io.cucumber.testng.FeatureWrapper)[pri:0, instance:runner.TestRunner@64cd705f]" started-at="2025-07-30T16:28:10 IST" name="runScenario" description="Runs Cucumber Scenarios" data-provider="scenarios" finished-at="2025-07-30T16:28:18 IST" duration-ms="7596" status="PASS">
          <params>
            <param index="0">
              <value>
                <![CDATA["Verify the Full Name field accepts valid input"]]>
              </value>
            </param>
            <param index="1">
              <value>
                <![CDATA["Enquiry Form Validations"]]>
              </value>
            </param>
          </params>
          <reporter-output>
          </reporter-output>
        </test-method> <!-- runScenario -->
        <test-method signature="runScenario(io.cucumber.testng.PickleWrapper, io.cucumber.testng.FeatureWrapper)[pri:0, instance:runner.TestRunner@64cd705f]" started-at="2025-07-30T16:28:18 IST" name="runScenario" description="Runs Cucumber Scenarios" data-provider="scenarios" finished-at="2025-07-30T16:28:19 IST" duration-ms="1495" status="PASS">
          <params>
            <param index="0">
              <value>
                <![CDATA["Verify invalid email format shows error"]]>
              </value>
            </param>
            <param index="1">
              <value>
                <![CDATA["Enquiry Form Validations"]]>
              </value>
            </param>
          </params>
          <reporter-output>
          </reporter-output>
        </test-method> <!-- runScenario -->
        <test-method signature="runScenario(io.cucumber.testng.PickleWrapper, io.cucumber.testng.FeatureWrapper)[pri:0, instance:runner.TestRunner@64cd705f]" started-at="2025-07-30T16:28:19 IST" name="runScenario" description="Runs Cucumber Scenarios" data-provider="scenarios" finished-at="2025-07-30T16:28:21 IST" duration-ms="1727" status="FAIL">
          <params>
            <param index="0">
              <value>
                <![CDATA["Verify empty required fields show errors"]]>
              </value>
            </param>
            <param index="1">
              <value>
                <![CDATA["Enquiry Form Validations"]]>
              </value>
            </param>
          </params>
          <exception class="java.lang.AssertionError">
            <message>
              <![CDATA[Expected required field error.]]>
            </message>
            <full-stacktrace>
              <![CDATA[java.lang.AssertionError: Expected required field error.
at stepDefinitions.EnquirySteps.error_messages_should_be_shown_for_missing_fields(EnquirySteps.java:65)
at ✽.Error messages should be shown for missing fields(file:///C:/Users/joymi/git/New%20folder%20(2)/Testing_Flight_Booking_System/CTS_Sprint_2/src/test/java/features/enquiry.feature:26)
]]>
            </full-stacktrace>
          </exception> <!-- java.lang.AssertionError -->
          <reporter-output>
          </reporter-output>
        </test-method> <!-- runScenario -->
        <test-method signature="runScenario(io.cucumber.testng.PickleWrapper, io.cucumber.testng.FeatureWrapper)[pri:0, instance:runner.TestRunner@64cd705f]" started-at="2025-07-30T16:28:21 IST" name="runScenario" description="Runs Cucumber Scenarios" data-provider="scenarios" finished-at="2025-07-30T16:28:23 IST" duration-ms="1721" status="FAIL">
          <params>
            <param index="0">
              <value>
                <![CDATA["Verify character limit for Message field"]]>
              </value>
            </param>
            <param index="1">
              <value>
                <![CDATA["Enquiry Form Validations"]]>
              </value>
            </param>
          </params>
          <exception class="java.lang.AssertionError">
            <message>
              <![CDATA[Expected message length error.]]>
            </message>
            <full-stacktrace>
              <![CDATA[java.lang.AssertionError: Expected message length error.
at stepDefinitions.EnquirySteps.the_system_should_display_character_limit_warning(EnquirySteps.java:81)
at ✽.The system should display character limit warning(file:///C:/Users/joymi/git/New%20folder%20(2)/Testing_Flight_Booking_System/CTS_Sprint_2/src/test/java/features/enquiry.feature:31)
]]>
            </full-stacktrace>
          </exception> <!-- java.lang.AssertionError -->
          <reporter-output>
          </reporter-output>
        </test-method> <!-- runScenario -->
        <test-method signature="runScenario(io.cucumber.testng.PickleWrapper, io.cucumber.testng.FeatureWrapper)[pri:0, instance:runner.TestRunner@64cd705f]" started-at="2025-07-30T16:28:23 IST" name="runScenario" description="Runs Cucumber Scenarios" data-provider="scenarios" finished-at="2025-07-30T16:28:24 IST" duration-ms="1814" status="FAIL">
          <params>
            <param index="0">
              <value>
                <![CDATA["Verify Subject field required validation"]]>
              </value>
            </param>
            <param index="1">
              <value>
                <![CDATA["Enquiry Form Validations"]]>
              </value>
            </param>
          </params>
          <exception class="java.lang.AssertionError">
            <message>
              <![CDATA[Expected message length error.]]>
            </message>
            <full-stacktrace>
              <![CDATA[java.lang.AssertionError: Expected message length error.
at stepDefinitions.EnquirySteps.error_should_be_displayed_for_empty_subject(EnquirySteps.java:101)
at ✽.Error should be displayed for empty subject(file:///C:/Users/joymi/git/New%20folder%20(2)/Testing_Flight_Booking_System/CTS_Sprint_2/src/test/java/features/enquiry.feature:41)
]]>
            </full-stacktrace>
          </exception> <!-- java.lang.AssertionError -->
          <reporter-output>
          </reporter-output>
        </test-method> <!-- runScenario -->
        <test-method is-config="true" signature="tearDownClass()[pri:0, instance:runner.TestRunner@64cd705f]" started-at="2025-07-30T16:28:24 IST" name="tearDownClass" finished-at="2025-07-30T16:28:25 IST" duration-ms="886" status="PASS">
          <reporter-output>
          </reporter-output>
        </test-method> <!-- tearDownClass -->
      </class> <!-- runner.TestRunner -->
    </test> <!-- Default test -->
  </suite> <!-- Default suite -->
</testng-results>
