<?xml version="1.0" encoding="UTF-8"?>
<testng-results ignored="0" total="12" passed="9" failed="3" skipped="0">
  <reporter-output>
  </reporter-output>
  <suite started-at="2025-07-30T14:58:10 IST" name="Default suite" finished-at="2025-07-30T14:59:07 IST" duration-ms="57061">
    <groups>
      <group name="cucumber">
        <method signature="AbstractTestNGCucumberTests.runScenario(io.cucumber.testng.PickleWrapper, io.cucumber.testng.FeatureWrapper)[pri:0, instance:runner.TestRunner@a9cd3b1]" name="runScenario" class="io.cucumber.testng.AbstractTestNGCucumberTests"/>
      </group> <!-- cucumber -->
    </groups>
    <test started-at="2025-07-30T14:58:10 IST" name="Default test" finished-at="2025-07-30T14:59:07 IST" duration-ms="57061">
      <class name="runner.TestRunner">
        <test-method is-config="true" signature="setUpClass(org.testng.ITestContext)[pri:0, instance:runner.TestRunner@a9cd3b1]" started-at="2025-07-30T14:58:10 IST" name="setUpClass" finished-at="2025-07-30T14:58:11 IST" duration-ms="746" status="PASS">
          <params>
            <param index="0">
              <value>
                <![CDATA[org.testng.TestRunner@3caafa67]]>
              </value>
            </param>
          </params>
          <reporter-output>
          </reporter-output>
        </test-method> <!-- setUpClass -->
        <test-method signature="runScenario(io.cucumber.testng.PickleWrapper, io.cucumber.testng.FeatureWrapper)[pri:0, instance:runner.TestRunner@a9cd3b1]" started-at="2025-07-30T14:58:11 IST" name="runScenario" description="Runs Cucumber Scenarios" data-provider="scenarios" finished-at="2025-07-30T14:58:26 IST" duration-ms="14827" status="PASS">
          <params>
            <param index="0">
              <value>
                <![CDATA["Verify the Booking Module Required Fields with valid data"]]>
              </value>
            </param>
            <param index="1">
              <value>
                <![CDATA["Booking Module Functionality"]]>
              </value>
            </param>
          </params>
          <reporter-output>
          </reporter-output>
        </test-method> <!-- runScenario -->
        <test-method signature="runScenario(io.cucumber.testng.PickleWrapper, io.cucumber.testng.FeatureWrapper)[pri:0, instance:runner.TestRunner@a9cd3b1]" started-at="2025-07-30T14:58:26 IST" name="runScenario" description="Runs Cucumber Scenarios" data-provider="scenarios" finished-at="2025-07-30T14:58:33 IST" duration-ms="7526" status="PASS">
          <params>
            <param index="0">
              <value>
                <![CDATA["Verify the Booking module with the Required Fields Blank"]]>
              </value>
            </param>
            <param index="1">
              <value>
                <![CDATA["Booking Module Functionality"]]>
              </value>
            </param>
          </params>
          <reporter-output>
          </reporter-output>
        </test-method> <!-- runScenario -->
        <test-method signature="runScenario(io.cucumber.testng.PickleWrapper, io.cucumber.testng.FeatureWrapper)[pri:0, instance:runner.TestRunner@a9cd3b1]" started-at="2025-07-30T14:58:33 IST" name="runScenario" description="Runs Cucumber Scenarios" data-provider="scenarios" finished-at="2025-07-30T14:58:41 IST" duration-ms="7532" status="PASS">
          <params>
            <param index="0">
              <value>
                <![CDATA["Verify the Booking Module Required Fields with Invalid Data"]]>
              </value>
            </param>
            <param index="1">
              <value>
                <![CDATA["Booking Module Functionality"]]>
              </value>
            </param>
          </params>
          <reporter-output>
          </reporter-output>
        </test-method> <!-- runScenario -->
        <test-method signature="runScenario(io.cucumber.testng.PickleWrapper, io.cucumber.testng.FeatureWrapper)[pri:0, instance:runner.TestRunner@a9cd3b1]" started-at="2025-07-30T14:58:41 IST" name="runScenario" description="Runs Cucumber Scenarios" data-provider="scenarios" finished-at="2025-07-30T14:58:48 IST" duration-ms="7686" status="PASS">
          <params>
            <param index="0">
              <value>
                <![CDATA["Verify the Booking Module Book Now Button works"]]>
              </value>
            </param>
            <param index="1">
              <value>
                <![CDATA["Booking Module Functionality"]]>
              </value>
            </param>
          </params>
          <reporter-output>
          </reporter-output>
        </test-method> <!-- runScenario -->
        <test-method signature="runScenario(io.cucumber.testng.PickleWrapper, io.cucumber.testng.FeatureWrapper)[pri:0, instance:runner.TestRunner@a9cd3b1]" started-at="2025-07-30T14:58:48 IST" name="runScenario" description="Runs Cucumber Scenarios" data-provider="scenarios" finished-at="2025-07-30T14:58:54 IST" duration-ms="5654" status="PASS">
          <params>
            <param index="0">
              <value>
                <![CDATA["Verify the Booking Module Reset Button Works"]]>
              </value>
            </param>
            <param index="1">
              <value>
                <![CDATA["Booking Module Functionality"]]>
              </value>
            </param>
          </params>
          <reporter-output>
          </reporter-output>
        </test-method> <!-- runScenario -->
        <test-method signature="runScenario(io.cucumber.testng.PickleWrapper, io.cucumber.testng.FeatureWrapper)[pri:0, instance:runner.TestRunner@a9cd3b1]" started-at="2025-07-30T14:58:54 IST" name="runScenario" description="Runs Cucumber Scenarios" data-provider="scenarios" finished-at="2025-07-30T14:58:55 IST" duration-ms="1259" status="PASS">
          <params>
            <param index="0">
              <value>
                <![CDATA["To Verify login with valid credentials"]]>
              </value>
            </param>
            <param index="1">
              <value>
                <![CDATA["Login Functionality"]]>
              </value>
            </param>
          </params>
          <reporter-output>
          </reporter-output>
        </test-method> <!-- runScenario -->
        <test-method signature="runScenario(io.cucumber.testng.PickleWrapper, io.cucumber.testng.FeatureWrapper)[pri:0, instance:runner.TestRunner@a9cd3b1]" started-at="2025-07-30T14:58:55 IST" name="runScenario" description="Runs Cucumber Scenarios" data-provider="scenarios" finished-at="2025-07-30T14:58:57 IST" duration-ms="1282" status="PASS">
          <params>
            <param index="0">
              <value>
                <![CDATA["To Verify login with invalid password"]]>
              </value>
            </param>
            <param index="1">
              <value>
                <![CDATA["Login Functionality"]]>
              </value>
            </param>
          </params>
          <reporter-output>
          </reporter-output>
        </test-method> <!-- runScenario -->
        <test-method signature="runScenario(io.cucumber.testng.PickleWrapper, io.cucumber.testng.FeatureWrapper)[pri:0, instance:runner.TestRunner@a9cd3b1]" started-at="2025-07-30T14:58:57 IST" name="runScenario" description="Runs Cucumber Scenarios" data-provider="scenarios" finished-at="2025-07-30T14:58:58 IST" duration-ms="1271" status="PASS">
          <params>
            <param index="0">
              <value>
                <![CDATA["To Verify login with invalid username"]]>
              </value>
            </param>
            <param index="1">
              <value>
                <![CDATA["Login Functionality"]]>
              </value>
            </param>
          </params>
          <reporter-output>
          </reporter-output>
        </test-method> <!-- runScenario -->
        <test-method signature="runScenario(io.cucumber.testng.PickleWrapper, io.cucumber.testng.FeatureWrapper)[pri:0, instance:runner.TestRunner@a9cd3b1]" started-at="2025-07-30T14:58:58 IST" name="runScenario" description="Runs Cucumber Scenarios" data-provider="scenarios" finished-at="2025-07-30T14:58:59 IST" duration-ms="1244" status="PASS">
          <params>
            <param index="0">
              <value>
                <![CDATA["To Verify login with empty fields"]]>
              </value>
            </param>
            <param index="1">
              <value>
                <![CDATA["Login Functionality"]]>
              </value>
            </param>
          </params>
          <reporter-output>
          </reporter-output>
        </test-method> <!-- runScenario -->
        <test-method signature="runScenario(io.cucumber.testng.PickleWrapper, io.cucumber.testng.FeatureWrapper)[pri:0, instance:runner.TestRunner@a9cd3b1]" started-at="2025-07-30T14:58:59 IST" name="runScenario" description="Runs Cucumber Scenarios" data-provider="scenarios" finished-at="2025-07-30T14:59:04 IST" duration-ms="4531" status="FAIL">
          <params>
            <param index="0">
              <value>
                <![CDATA["To Verify Remember Me functionality"]]>
              </value>
            </param>
            <param index="1">
              <value>
                <![CDATA["Login Functionality"]]>
              </value>
            </param>
          </params>
          <exception class="java.lang.AssertionError">
            <message>
              <![CDATA[Username does not match. Expected: flightadmin, Actual: ]]>
            </message>
            <full-stacktrace>
              <![CDATA[java.lang.AssertionError: Username does not match. Expected: flightadmin, Actual: 
at pages.LoginPageFactory.verifyRememberedCredentials(LoginPageFactory.java:122)
at stepDefinitions.LoginSteps.verify_remembered_credentials(LoginSteps.java:93)
at ✽.credentials should be remembered on next visit(file:///C:/Users/User/git/repository/CTS_Sprint_2/src/test/java/features/login.feature:41)
]]>
            </full-stacktrace>
          </exception> <!-- java.lang.AssertionError -->
          <reporter-output>
          </reporter-output>
        </test-method> <!-- runScenario -->
        <test-method signature="runScenario(io.cucumber.testng.PickleWrapper, io.cucumber.testng.FeatureWrapper)[pri:0, instance:runner.TestRunner@a9cd3b1]" started-at="2025-07-30T14:59:04 IST" name="runScenario" description="Runs Cucumber Scenarios" data-provider="scenarios" finished-at="2025-07-30T14:59:04 IST" duration-ms="232" status="FAIL">
          <params>
            <param index="0">
              <value>
                <![CDATA["To Verify Forgot Password functionality"]]>
              </value>
            </param>
            <param index="1">
              <value>
                <![CDATA["Login Functionality"]]>
              </value>
            </param>
          </params>
          <exception class="java.lang.AssertionError">
            <message>
              <![CDATA[Page not found (404 error detected)]]>
            </message>
            <full-stacktrace>
              <![CDATA[java.lang.AssertionError: Page not found (404 error detected)
at pages.LoginPageFactory.verifyForgotPasswordRedirect(LoginPageFactory.java:128)
at stepDefinitions.LoginSteps.verify_forgot_password_redirect(LoginSteps.java:103)
at ✽.it should redirect to the reset password page(file:///C:/Users/User/git/repository/CTS_Sprint_2/src/test/java/features/login.feature:45)
]]>
            </full-stacktrace>
          </exception> <!-- java.lang.AssertionError -->
          <reporter-output>
          </reporter-output>
        </test-method> <!-- runScenario -->
        <test-method signature="runScenario(io.cucumber.testng.PickleWrapper, io.cucumber.testng.FeatureWrapper)[pri:0, instance:runner.TestRunner@a9cd3b1]" started-at="2025-07-30T14:59:04 IST" name="runScenario" description="Runs Cucumber Scenarios" data-provider="scenarios" finished-at="2025-07-30T14:59:06 IST" duration-ms="2346" status="FAIL">
          <params>
            <param index="0">
              <value>
                <![CDATA["To verify the correct logout functionality"]]>
              </value>
            </param>
            <param index="1">
              <value>
                <![CDATA["Logout Functionality"]]>
              </value>
            </param>
          </params>
          <exception class="java.lang.AssertionError">
            <message>
              <![CDATA[TEST FAILED: Logout button is mislabeled. Bug AG-28 is confirmed. expected [Logout] but found [LOGIN]]]>
            </message>
            <full-stacktrace>
              <![CDATA[java.lang.AssertionError: TEST FAILED: Logout button is mislabeled. Bug AG-28 is confirmed. expected [Logout] but found [LOGIN]
at org.testng.Assert.fail(Assert.java:97)
at org.testng.Assert.assertEqualsImpl(Assert.java:136)
at org.testng.Assert.assertEquals(Assert.java:118)
at org.testng.Assert.assertEquals(Assert.java:575)
at stepDefinitions.LogoutSteps.the_user_should_see_a_button(LogoutSteps.java:39)
at ✽.the user should see a "Logout" button(file:///C:/Users/User/git/repository/CTS_Sprint_2/src/test/java/features/logout.feature:8)
]]>
            </full-stacktrace>
          </exception> <!-- java.lang.AssertionError -->
          <reporter-output>
          </reporter-output>
        </test-method> <!-- runScenario -->
        <test-method is-config="true" signature="tearDownClass()[pri:0, instance:runner.TestRunner@a9cd3b1]" started-at="2025-07-30T14:59:06 IST" name="tearDownClass" finished-at="2025-07-30T14:59:07 IST" duration-ms="870" status="PASS">
          <reporter-output>
          </reporter-output>
        </test-method> <!-- tearDownClass -->
      </class> <!-- runner.TestRunner -->
    </test> <!-- Default test -->
  </suite> <!-- Default suite -->
</testng-results>
